{"C:\\Users\\anyut\\OneDrive\\Рабочий стол\\rs_school\\React\\React-2026-Q2\\src\\app\\entrypoint\\App.tsx": {"path":"C:\\Users\\anyut\\OneDrive\\Рабочий стол\\rs_school\\React\\React-2026-Q2\\src\\app\\entrypoint\\App.tsx","statementMap":{"0":{"start":{"line":9,"column":4},"end":{"line":12,"column":null}}},"fnMap":{"0":{"name":"(anonymous_0)","decl":{"start":{"line":8,"column":2},"end":{"line":8,"column":22}},"loc":{"start":{"line":8,"column":22},"end":{"line":12,"column":null}},"line":8}},"branchMap":{},"s":{"0":0},"f":{"0":0},"b":{},"meta":{"lastBranch":0,"lastFunction":1,"lastStatement":1,"seen":{"f:8:2:8:22":0,"s:9:4:12:Infinity":0}}}
,"C:\\Users\\anyut\\OneDrive\\Рабочий стол\\rs_school\\React\\React-2026-Q2\\src\\app\\providers\\ErrorBoundary\\ErrorBoundary.tsx": {"path":"C:\\Users\\anyut\\OneDrive\\Рабочий стол\\rs_school\\React\\React-2026-Q2\\src\\app\\providers\\ErrorBoundary\\ErrorBoundary.tsx","statementMap":{"0":{"start":{"line":12,"column":17},"end":{"line":12,"column":36}},"1":{"start":{"line":15,"column":4},"end":{"line":15,"column":null}},"2":{"start":{"line":19,"column":4},"end":{"line":19,"column":null}},"3":{"start":{"line":23,"column":4},"end":{"line":32,"column":null}},"4":{"start":{"line":24,"column":6},"end":{"line":32,"column":null}},"5":{"start":{"line":30,"column":60},"end":{"line":30,"column":84}},"6":{"start":{"line":37,"column":4},"end":{"line":37,"column":null}}},"fnMap":{"0":{"name":"(anonymous_0)","decl":{"start":{"line":14,"column":9},"end":{"line":14,"column":36}},"loc":{"start":{"line":14,"column":36},"end":{"line":15,"column":null}},"line":14},"1":{"name":"(anonymous_1)","decl":{"start":{"line":18,"column":2},"end":{"line":18,"column":20}},"loc":{"start":{"line":18,"column":56},"end":{"line":19,"column":null}},"line":18},"2":{"name":"(anonymous_2)","decl":{"start":{"line":22,"column":2},"end":{"line":22,"column":11}},"loc":{"start":{"line":22,"column":11},"end":{"line":37,"column":null}},"line":22},"3":{"name":"(anonymous_3)","decl":{"start":{"line":30,"column":45},"end":{"line":30,"column":60}},"loc":{"start":{"line":30,"column":60},"end":{"line":30,"column":84}},"line":30}},"branchMap":{"0":{"loc":{"start":{"line":23,"column":4},"end":{"line":32,"column":null}},"type":"if","locations":[{"start":{"line":23,"column":4},"end":{"line":32,"column":null}},{"start":{},"end":{}}],"line":23}},"s":{"0":0,"1":0,"2":0,"3":0,"4":0,"5":0,"6":0},"f":{"0":0,"1":0,"2":0,"3":0},"b":{"0":[0,0]},"meta":{"lastBranch":1,"lastFunction":4,"lastStatement":7,"seen":{"s:12:17:12:36":0,"f:14:9:14:36":0,"s:15:4:15:Infinity":1,"f:18:2:18:20":1,"s:19:4:19:Infinity":2,"f:22:2:22:11":2,"b:23:4:32:Infinity:undefined:undefined:undefined:undefined":0,"s:23:4:32:Infinity":3,"s:24:6:32:Infinity":4,"f:30:45:30:60":3,"s:30:60:30:84":5,"s:37:4:37:Infinity":6}}}
,"C:\\Users\\anyut\\OneDrive\\Рабочий стол\\rs_school\\React\\React-2026-Q2\\src\\entities\\pokemon\\index.ts": {"path":"C:\\Users\\anyut\\OneDrive\\Рабочий стол\\rs_school\\React\\React-2026-Q2\\src\\entities\\pokemon\\index.ts","statementMap":{},"fnMap":{},"branchMap":{},"s":{},"f":{},"b":{},"meta":{"lastBranch":0,"lastFunction":0,"lastStatement":0,"seen":{}}}
,"C:\\Users\\anyut\\OneDrive\\Рабочий стол\\rs_school\\React\\React-2026-Q2\\src\\entities\\pokemon\\api\\PokemonApi.tsx": {"path":"C:\\Users\\anyut\\OneDrive\\Рабочий стол\\rs_school\\React\\React-2026-Q2\\src\\entities\\pokemon\\api\\PokemonApi.tsx","statementMap":{"0":{"start":{"line":13,"column":17},"end":{"line":13,"column":null}},"1":{"start":{"line":15,"column":26},"end":{"line":41,"column":null}},"2":{"start":{"line":17,"column":21},"end":{"line":17,"column":55}},"3":{"start":{"line":19,"column":4},"end":{"line":19,"column":null}},"4":{"start":{"line":19,"column":22},"end":{"line":19,"column":null}},"5":{"start":{"line":21,"column":17},"end":{"line":21,"column":38}},"6":{"start":{"line":23,"column":39},"end":{"line":24,"column":null}},"7":{"start":{"line":24,"column":47},"end":{"line":24,"column":85}},"8":{"start":{"line":24,"column":74},"end":{"line":24,"column":84}},"9":{"start":{"line":27,"column":4},"end":{"line":27,"column":null}},"10":{"start":{"line":31,"column":21},"end":{"line":31,"column":84}},"11":{"start":{"line":33,"column":4},"end":{"line":35,"column":null}},"12":{"start":{"line":34,"column":6},"end":{"line":34,"column":null}},"13":{"start":{"line":34,"column":35},"end":{"line":34,"column":null}},"14":{"start":{"line":35,"column":6},"end":{"line":35,"column":null}},"15":{"start":{"line":38,"column":29},"end":{"line":38,"column":50}},"16":{"start":{"line":39,"column":4},"end":{"line":39,"column":null}}},"fnMap":{"0":{"name":"(anonymous_0)","decl":{"start":{"line":16,"column":8},"end":{"line":16,"column":40}},"loc":{"start":{"line":16,"column":40},"end":{"line":27,"column":null}},"line":16},"1":{"name":"(anonymous_1)","decl":{"start":{"line":24,"column":19},"end":{"line":24,"column":24}},"loc":{"start":{"line":24,"column":47},"end":{"line":24,"column":85}},"line":24},"2":{"name":"(anonymous_2)","decl":{"start":{"line":24,"column":60},"end":{"line":24,"column":66}},"loc":{"start":{"line":24,"column":74},"end":{"line":24,"column":84}},"line":24},"3":{"name":"(anonymous_3)","decl":{"start":{"line":30,"column":8},"end":{"line":30,"column":18}},"loc":{"start":{"line":30,"column":55},"end":{"line":39,"column":null}},"line":30}},"branchMap":{"0":{"loc":{"start":{"line":19,"column":4},"end":{"line":19,"column":null}},"type":"if","locations":[{"start":{"line":19,"column":4},"end":{"line":19,"column":null}},{"start":{},"end":{}}],"line":19},"1":{"loc":{"start":{"line":33,"column":4},"end":{"line":35,"column":null}},"type":"if","locations":[{"start":{"line":33,"column":4},"end":{"line":35,"column":null}},{"start":{},"end":{}}],"line":33},"2":{"loc":{"start":{"line":34,"column":6},"end":{"line":34,"column":null}},"type":"if","locations":[{"start":{"line":34,"column":6},"end":{"line":34,"column":null}},{"start":{},"end":{}}],"line":34}},"s":{"0":1,"1":1,"2":0,"3":0,"4":0,"5":0,"6":0,"7":0,"8":0,"9":0,"10":0,"11":0,"12":0,"13":0,"14":0,"15":0,"16":0},"f":{"0":0,"1":0,"2":0,"3":0},"b":{"0":[0,0],"1":[0,0],"2":[0,0]},"meta":{"lastBranch":3,"lastFunction":4,"lastStatement":17,"seen":{"s:13:17:13:Infinity":0,"s:15:26:41:Infinity":1,"f:16:8:16:40":0,"s:17:21:17:55":2,"b:19:4:19:Infinity:undefined:undefined:undefined:undefined":0,"s:19:4:19:Infinity":3,"s:19:22:19:Infinity":4,"s:21:17:21:38":5,"s:23:39:24:Infinity":6,"f:24:19:24:24":1,"s:24:47:24:85":7,"f:24:60:24:66":2,"s:24:74:24:84":8,"s:27:4:27:Infinity":9,"f:30:8:30:18":3,"s:31:21:31:84":10,"b:33:4:35:Infinity:undefined:undefined:undefined:undefined":1,"s:33:4:35:Infinity":11,"b:34:6:34:Infinity:undefined:undefined:undefined:undefined":2,"s:34:6:34:Infinity":12,"s:34:35:34:Infinity":13,"s:35:6:35:Infinity":14,"s:38:29:38:50":15,"s:39:4:39:Infinity":16}}}
,"C:\\Users\\anyut\\OneDrive\\Рабочий стол\\rs_school\\React\\React-2026-Q2\\src\\entities\\pokemon\\ui\\pokemon-card\\PokemonCard.tsx": {"path":"C:\\Users\\anyut\\OneDrive\\Рабочий стол\\rs_school\\React\\React-2026-Q2\\src\\entities\\pokemon\\ui\\pokemon-card\\PokemonCard.tsx","statementMap":{"0":{"start":{"line":11,"column":44},"end":{"line":11,"column":null}},"1":{"start":{"line":13,"column":4},"end":{"line":24,"column":null}}},"fnMap":{"0":{"name":"(anonymous_0)","decl":{"start":{"line":10,"column":2},"end":{"line":10,"column":11}},"loc":{"start":{"line":10,"column":11},"end":{"line":24,"column":null}},"line":10}},"branchMap":{},"s":{"0":0,"1":0},"f":{"0":0},"b":{},"meta":{"lastBranch":0,"lastFunction":1,"lastStatement":2,"seen":{"f:10:2:10:11":0,"s:11:44:11:Infinity":0,"s:13:4:24:Infinity":1}}}
,"C:\\Users\\anyut\\OneDrive\\Рабочий стол\\rs_school\\React\\React-2026-Q2\\src\\features\\crash-button\\ui\\CrashButton.tsx": {"path":"C:\\Users\\anyut\\OneDrive\\Рабочий стол\\rs_school\\React\\React-2026-Q2\\src\\features\\crash-button\\ui\\CrashButton.tsx","statementMap":{"0":{"start":{"line":9,"column":10},"end":{"line":9,"column":32}},"1":{"start":{"line":11,"column":2},"end":{"line":12,"column":null}},"2":{"start":{"line":12,"column":4},"end":{"line":12,"column":null}},"3":{"start":{"line":16,"column":4},"end":{"line":17,"column":null}},"4":{"start":{"line":17,"column":6},"end":{"line":17,"column":null}},"5":{"start":{"line":20,"column":4},"end":{"line":20,"column":null}}},"fnMap":{"0":{"name":"(anonymous_0)","decl":{"start":{"line":11,"column":2},"end":{"line":11,"column":22}},"loc":{"start":{"line":11,"column":22},"end":{"line":12,"column":null}},"line":11},"1":{"name":"(anonymous_1)","decl":{"start":{"line":15,"column":2},"end":{"line":15,"column":11}},"loc":{"start":{"line":15,"column":11},"end":{"line":20,"column":null}},"line":15}},"branchMap":{"0":{"loc":{"start":{"line":16,"column":4},"end":{"line":17,"column":null}},"type":"if","locations":[{"start":{"line":16,"column":4},"end":{"line":17,"column":null}},{"start":{},"end":{}}],"line":16}},"s":{"0":0,"1":0,"2":0,"3":0,"4":0,"5":0},"f":{"0":0,"1":0},"b":{"0":[0,0]},"meta":{"lastBranch":1,"lastFunction":2,"lastStatement":6,"seen":{"s:9:10:9:32":0,"s:11:2:12:Infinity":1,"f:11:2:11:22":0,"s:12:4:12:Infinity":2,"f:15:2:15:11":1,"b:16:4:17:Infinity:undefined:undefined:undefined:undefined":0,"s:16:4:17:Infinity":3,"s:17:6:17:Infinity":4,"s:20:4:20:Infinity":5}}}
,"C:\\Users\\anyut\\OneDrive\\Рабочий стол\\rs_school\\React\\React-2026-Q2\\src\\features\\search-pokemon\\index.ts": {"path":"C:\\Users\\anyut\\OneDrive\\Рабочий стол\\rs_school\\React\\React-2026-Q2\\src\\features\\search-pokemon\\index.ts","statementMap":{},"fnMap":{},"branchMap":{},"s":{},"f":{},"b":{},"meta":{"lastBranch":0,"lastFunction":0,"lastStatement":0,"seen":{}}}
,"C:\\Users\\anyut\\OneDrive\\Рабочий стол\\rs_school\\React\\React-2026-Q2\\src\\features\\search-pokemon\\model\\services.ts": {"path":"C:\\Users\\anyut\\OneDrive\\Рабочий стол\\rs_school\\React\\React-2026-Q2\\src\\features\\search-pokemon\\model\\services.ts","statementMap":{"0":{"start":{"line":4,"column":20},"end":{"line":4,"column":null}},"1":{"start":{"line":6,"column":13},"end":{"line":7,"column":null}},"2":{"start":{"line":7,"column":2},"end":{"line":7,"column":null}},"3":{"start":{"line":10,"column":13},"end":{"line":15,"column":null}},"4":{"start":{"line":11,"column":18},"end":{"line":11,"column":29}},"5":{"start":{"line":12,"column":2},"end":{"line":15,"column":null}},"6":{"start":{"line":13,"column":4},"end":{"line":13,"column":null}},"7":{"start":{"line":15,"column":4},"end":{"line":15,"column":null}},"8":{"start":{"line":19,"column":13},"end":{"line":20,"column":null}},"9":{"start":{"line":20,"column":2},"end":{"line":20,"column":null}},"10":{"start":{"line":30,"column":6},"end":{"line":30,"column":79}},"11":{"start":{"line":30,"column":30},"end":{"line":30,"column":79}},"12":{"start":{"line":30,"column":55},"end":{"line":30,"column":78}},"13":{"start":{"line":32,"column":29},"end":{"line":52,"column":null}},"14":{"start":{"line":34,"column":18},"end":{"line":34,"column":66}},"15":{"start":{"line":35,"column":20},"end":{"line":35,"column":32}},"16":{"start":{"line":37,"column":34},"end":{"line":39,"column":33}},"17":{"start":{"line":41,"column":4},"end":{"line":41,"column":null}},"18":{"start":{"line":43,"column":4},"end":{"line":50,"column":null}},"19":{"start":{"line":44,"column":42},"end":{"line":49,"column":null}},"20":{"start":{"line":47,"column":47},"end":{"line":47,"column":62}}},"fnMap":{"0":{"name":"(anonymous_0)","decl":{"start":{"line":6,"column":13},"end":{"line":6,"column":48}},"loc":{"start":{"line":6,"column":48},"end":{"line":7,"column":null}},"line":6},"1":{"name":"(anonymous_1)","decl":{"start":{"line":10,"column":13},"end":{"line":10,"column":31}},"loc":{"start":{"line":10,"column":54},"end":{"line":15,"column":null}},"line":10},"2":{"name":"(anonymous_2)","decl":{"start":{"line":19,"column":13},"end":{"line":19,"column":29}},"loc":{"start":{"line":19,"column":58},"end":{"line":20,"column":null}},"line":19},"3":{"name":"(anonymous_3)","decl":{"start":{"line":30,"column":6},"end":{"line":30,"column":15}},"loc":{"start":{"line":30,"column":30},"end":{"line":30,"column":79}},"line":30},"4":{"name":"(anonymous_4)","decl":{"start":{"line":30,"column":34},"end":{"line":30,"column":43}},"loc":{"start":{"line":30,"column":55},"end":{"line":30,"column":78}},"line":30},"5":{"name":"(anonymous_5)","decl":{"start":{"line":33,"column":8},"end":{"line":33,"column":16}},"loc":{"start":{"line":33,"column":55},"end":{"line":52,"column":null}},"line":33},"6":{"name":"(anonymous_6)","decl":{"start":{"line":43,"column":19},"end":{"line":43,"column":null}},"loc":{"start":{"line":44,"column":42},"end":{"line":49,"column":null}},"line":44},"7":{"name":"(anonymous_7)","decl":{"start":{"line":47,"column":36},"end":{"line":47,"column":41}},"loc":{"start":{"line":47,"column":47},"end":{"line":47,"column":62}},"line":47}},"branchMap":{"0":{"loc":{"start":{"line":7,"column":9},"end":{"line":7,"column":null}},"type":"binary-expr","locations":[{"start":{"line":7,"column":9},"end":{"line":7,"column":42}},{"start":{"line":7,"column":46},"end":{"line":7,"column":null}}],"line":7},"1":{"loc":{"start":{"line":12,"column":2},"end":{"line":15,"column":null}},"type":"if","locations":[{"start":{"line":12,"column":2},"end":{"line":15,"column":null}},{"start":{"line":14,"column":9},"end":{"line":15,"column":null}}],"line":12},"2":{"loc":{"start":{"line":34,"column":18},"end":{"line":34,"column":66}},"type":"cond-expr","locations":[{"start":{"line":34,"column":39},"end":{"line":34,"column":46}},{"start":{"line":34,"column":46},"end":{"line":34,"column":66}}],"line":34},"3":{"loc":{"start":{"line":37,"column":34},"end":{"line":39,"column":33}},"type":"cond-expr","locations":[{"start":{"line":38,"column":8},"end":{"line":38,"column":43}},{"start":{"line":39,"column":8},"end":{"line":39,"column":33}}],"line":37},"4":{"loc":{"start":{"line":48,"column":15},"end":{"line":48,"column":null}},"type":"binary-expr","locations":[{"start":{"line":48,"column":15},"end":{"line":48,"column":71}},{"start":{"line":48,"column":71},"end":{"line":48,"column":null}}],"line":48}},"s":{"0":1,"1":1,"2":7,"3":1,"4":3,"5":3,"6":0,"7":3,"8":1,"9":3,"10":1,"11":0,"12":0,"13":1,"14":0,"15":0,"16":0,"17":0,"18":0,"19":0,"20":0},"f":{"0":7,"1":3,"2":3,"3":0,"4":0,"5":0,"6":0,"7":0},"b":{"0":[7,5],"1":[0,3],"2":[0,0],"3":[0,0],"4":[0,0]},"meta":{"lastBranch":5,"lastFunction":8,"lastStatement":21,"seen":{"s:4:20:4:Infinity":0,"s:6:13:7:Infinity":1,"f:6:13:6:48":0,"s:7:2:7:Infinity":2,"b:7:9:7:42:7:46:7:Infinity":0,"s:10:13:15:Infinity":3,"f:10:13:10:31":1,"s:11:18:11:29":4,"b:12:2:15:Infinity:14:9:15:Infinity":1,"s:12:2:15:Infinity":5,"s:13:4:13:Infinity":6,"s:15:4:15:Infinity":7,"s:19:13:20:Infinity":8,"f:19:13:19:29":2,"s:20:2:20:Infinity":9,"s:30:6:30:79":10,"f:30:6:30:15":3,"s:30:30:30:79":11,"f:30:34:30:43":4,"s:30:55:30:78":12,"s:32:29:52:Infinity":13,"f:33:8:33:16":5,"s:34:18:34:66":14,"b:34:39:34:46:34:46:34:66":2,"s:35:20:35:32":15,"s:37:34:39:33":16,"b:38:8:38:43:39:8:39:33":3,"s:41:4:41:Infinity":17,"s:43:4:50:Infinity":18,"f:43:19:43:Infinity":6,"s:44:42:49:Infinity":19,"f:47:36:47:41":7,"s:47:47:47:62":20,"b:48:15:48:71:48:71:48:Infinity":4}}}
,"C:\\Users\\anyut\\OneDrive\\Рабочий стол\\rs_school\\React\\React-2026-Q2\\src\\pages\\main\\index.ts": {"path":"C:\\Users\\anyut\\OneDrive\\Рабочий стол\\rs_school\\React\\React-2026-Q2\\src\\pages\\main\\index.ts","statementMap":{},"fnMap":{},"branchMap":{},"s":{},"f":{},"b":{},"meta":{"lastBranch":0,"lastFunction":0,"lastStatement":0,"seen":{}}}
,"C:\\Users\\anyut\\OneDrive\\Рабочий стол\\rs_school\\React\\React-2026-Q2\\src\\pages\\main\\ui\\MainPage.tsx": {"path":"C:\\Users\\anyut\\OneDrive\\Рабочий стол\\rs_school\\React\\React-2026-Q2\\src\\pages\\main\\ui\\MainPage.tsx","statementMap":{"0":{"start":{"line":15,"column":17},"end":{"line":19,"column":null}},"1":{"start":{"line":25,"column":14},"end":{"line":34,"column":null}},"2":{"start":{"line":22,"column":4},"end":{"line":22,"column":null}},"3":{"start":{"line":26,"column":4},"end":{"line":26,"column":null}},"4":{"start":{"line":27,"column":4},"end":{"line":34,"column":null}},"5":{"start":{"line":28,"column":34},"end":{"line":28,"column":67}},"6":{"start":{"line":29,"column":6},"end":{"line":29,"column":null}},"7":{"start":{"line":31,"column":18},"end":{"line":31,"column":null}},"8":{"start":{"line":32,"column":6},"end":{"line":32,"column":null}},"9":{"start":{"line":34,"column":6},"end":{"line":34,"column":null}},"10":{"start":{"line":39,"column":43},"end":{"line":39,"column":null}},"11":{"start":{"line":41,"column":4},"end":{"line":55,"column":null}}},"fnMap":{"0":{"name":"(anonymous_0)","decl":{"start":{"line":21,"column":8},"end":{"line":21,"column":28}},"loc":{"start":{"line":21,"column":28},"end":{"line":22,"column":null}},"line":21},"1":{"name":"(anonymous_1)","decl":{"start":{"line":25,"column":14},"end":{"line":25,"column":21}},"loc":{"start":{"line":25,"column":39},"end":{"line":34,"column":null}},"line":25},"2":{"name":"(anonymous_2)","decl":{"start":{"line":38,"column":2},"end":{"line":38,"column":22}},"loc":{"start":{"line":38,"column":22},"end":{"line":55,"column":null}},"line":38}},"branchMap":{"0":{"loc":{"start":{"line":31,"column":18},"end":{"line":31,"column":null}},"type":"cond-expr","locations":[{"start":{"line":31,"column":41},"end":{"line":31,"column":55}},{"start":{"line":31,"column":55},"end":{"line":31,"column":null}}],"line":31}},"s":{"0":0,"1":0,"2":0,"3":0,"4":0,"5":0,"6":0,"7":0,"8":0,"9":0,"10":0,"11":0},"f":{"0":0,"1":0,"2":0},"b":{"0":[0,0]},"meta":{"lastBranch":1,"lastFunction":3,"lastStatement":12,"seen":{"s:15:17:19:Infinity":0,"s:25:14:34:Infinity":1,"f:21:8:21:28":0,"s:22:4:22:Infinity":2,"f:25:14:25:21":1,"s:26:4:26:Infinity":3,"s:27:4:34:Infinity":4,"s:28:34:28:67":5,"s:29:6:29:Infinity":6,"s:31:18:31:Infinity":7,"b:31:41:31:55:31:55:31:Infinity":0,"s:32:6:32:Infinity":8,"s:34:6:34:Infinity":9,"f:38:2:38:22":2,"s:39:43:39:Infinity":10,"s:41:4:55:Infinity":11}}}
,"C:\\Users\\anyut\\OneDrive\\Рабочий стол\\rs_school\\React\\React-2026-Q2\\src\\shared\\ui\\index.ts": {"path":"C:\\Users\\anyut\\OneDrive\\Рабочий стол\\rs_school\\React\\React-2026-Q2\\src\\shared\\ui\\index.ts","statementMap":{},"fnMap":{},"branchMap":{},"s":{},"f":{},"b":{},"meta":{"lastBranch":0,"lastFunction":0,"lastStatement":0,"seen":{}}}
,"C:\\Users\\anyut\\OneDrive\\Рабочий стол\\rs_school\\React\\React-2026-Q2\\src\\shared\\ui\\button\\Button.tsx": {"path":"C:\\Users\\anyut\\OneDrive\\Рабочий стол\\rs_school\\React\\React-2026-Q2\\src\\shared\\ui\\button\\Button.tsx","statementMap":{"0":{"start":{"line":10,"column":57},"end":{"line":10,"column":null}},"1":{"start":{"line":12,"column":4},"end":{"line":28,"column":null}}},"fnMap":{"0":{"name":"(anonymous_0)","decl":{"start":{"line":9,"column":2},"end":{"line":9,"column":11}},"loc":{"start":{"line":9,"column":11},"end":{"line":28,"column":null}},"line":9}},"branchMap":{"0":{"loc":{"start":{"line":24,"column":12},"end":{"line":24,"column":null}},"type":"binary-expr","locations":[{"start":{"line":24,"column":12},"end":{"line":24,"column":25}},{"start":{"line":24,"column":25},"end":{"line":24,"column":null}}],"line":24}},"s":{"0":19,"1":19},"f":{"0":19},"b":{"0":[19,4]},"meta":{"lastBranch":1,"lastFunction":1,"lastStatement":2,"seen":{"f:9:2:9:11":0,"s:10:57:10:Infinity":0,"s:12:4:28:Infinity":1,"b:24:12:24:25:24:25:24:Infinity":0}}}
,"C:\\Users\\anyut\\OneDrive\\Рабочий стол\\rs_school\\React\\React-2026-Q2\\src\\shared\\ui\\button\\index.ts": {"path":"C:\\Users\\anyut\\OneDrive\\Рабочий стол\\rs_school\\React\\React-2026-Q2\\src\\shared\\ui\\button\\index.ts","statementMap":{},"fnMap":{},"branchMap":{},"s":{},"f":{},"b":{},"meta":{"lastBranch":0,"lastFunction":0,"lastStatement":0,"seen":{}}}
,"C:\\Users\\anyut\\OneDrive\\Рабочий стол\\rs_school\\React\\React-2026-Q2\\src\\shared\\ui\\input\\Input.tsx": {"path":"C:\\Users\\anyut\\OneDrive\\Рабочий стол\\rs_school\\React\\React-2026-Q2\\src\\shared\\ui\\input\\Input.tsx","statementMap":{"0":{"start":{"line":7,"column":36},"end":{"line":7,"column":null}},"1":{"start":{"line":8,"column":4},"end":{"line":19,"column":null}}},"fnMap":{"0":{"name":"(anonymous_0)","decl":{"start":{"line":6,"column":2},"end":{"line":6,"column":22}},"loc":{"start":{"line":6,"column":22},"end":{"line":19,"column":null}},"line":6}},"branchMap":{"0":{"loc":{"start":{"line":17,"column":12},"end":{"line":17,"column":null}},"type":"binary-expr","locations":[{"start":{"line":17,"column":12},"end":{"line":17,"column":25}},{"start":{"line":17,"column":25},"end":{"line":17,"column":null}}],"line":17}},"s":{"0":18,"1":18},"f":{"0":18},"b":{"0":[18,3]},"meta":{"lastBranch":1,"lastFunction":1,"lastStatement":2,"seen":{"f:6:2:6:22":0,"s:7:36:7:Infinity":0,"s:8:4:19:Infinity":1,"b:17:12:17:25:17:25:17:Infinity":0}}}
,"C:\\Users\\anyut\\OneDrive\\Рабочий стол\\rs_school\\React\\React-2026-Q2\\src\\shared\\ui\\input\\index.ts": {"path":"C:\\Users\\anyut\\OneDrive\\Рабочий стол\\rs_school\\React\\React-2026-Q2\\src\\shared\\ui\\input\\index.ts","statementMap":{},"fnMap":{},"branchMap":{},"s":{},"f":{},"b":{},"meta":{"lastBranch":0,"lastFunction":0,"lastStatement":0,"seen":{}}}
,"C:\\Users\\anyut\\OneDrive\\Рабочий стол\\rs_school\\React\\React-2026-Q2\\src\\shared\\ui\\spinner\\Spinner.tsx": {"path":"C:\\Users\\anyut\\OneDrive\\Рабочий стол\\rs_school\\React\\React-2026-Q2\\src\\shared\\ui\\spinner\\Spinner.tsx","statementMap":{"0":{"start":{"line":5,"column":4},"end":{"line":6,"column":null}}},"fnMap":{"0":{"name":"(anonymous_0)","decl":{"start":{"line":4,"column":2},"end":{"line":4,"column":11}},"loc":{"start":{"line":4,"column":11},"end":{"line":6,"column":null}},"line":4}},"branchMap":{},"s":{"0":0},"f":{"0":0},"b":{},"meta":{"lastBranch":0,"lastFunction":1,"lastStatement":1,"seen":{"f:4:2:4:11":0,"s:5:4:6:Infinity":0}}}
,"C:\\Users\\anyut\\OneDrive\\Рабочий стол\\rs_school\\React\\React-2026-Q2\\src\\shared\\ui\\spinner\\index.ts": {"path":"C:\\Users\\anyut\\OneDrive\\Рабочий стол\\rs_school\\React\\React-2026-Q2\\src\\shared\\ui\\spinner\\index.ts","statementMap":{},"fnMap":{},"branchMap":{},"s":{},"f":{},"b":{},"meta":{"lastBranch":0,"lastFunction":0,"lastStatement":0,"seen":{}}}
,"C:\\Users\\anyut\\OneDrive\\Рабочий стол\\rs_school\\React\\React-2026-Q2\\src\\widgets\\pokemon-list\\index.ts": {"path":"C:\\Users\\anyut\\OneDrive\\Рабочий стол\\rs_school\\React\\React-2026-Q2\\src\\widgets\\pokemon-list\\index.ts","statementMap":{},"fnMap":{},"branchMap":{},"s":{},"f":{},"b":{},"meta":{"lastBranch":0,"lastFunction":0,"lastStatement":0,"seen":{}}}
,"C:\\Users\\anyut\\OneDrive\\Рабочий стол\\rs_school\\React\\React-2026-Q2\\src\\widgets\\pokemon-list\\ui\\PokemonList.tsx": {"path":"C:\\Users\\anyut\\OneDrive\\Рабочий стол\\rs_school\\React\\React-2026-Q2\\src\\widgets\\pokemon-list\\ui\\PokemonList.tsx","statementMap":{"0":{"start":{"line":14,"column":43},"end":{"line":14,"column":null}},"1":{"start":{"line":16,"column":4},"end":{"line":20,"column":null}},"2":{"start":{"line":17,"column":6},"end":{"line":20,"column":null}},"3":{"start":{"line":24,"column":4},"end":{"line":28,"column":null}},"4":{"start":{"line":25,"column":6},"end":{"line":28,"column":null}},"5":{"start":{"line":33,"column":4},"end":{"line":43,"column":null}},"6":{"start":{"line":36,"column":10},"end":{"line":41,"column":null}}},"fnMap":{"0":{"name":"(anonymous_0)","decl":{"start":{"line":13,"column":2},"end":{"line":13,"column":11}},"loc":{"start":{"line":13,"column":11},"end":{"line":43,"column":null}},"line":13},"1":{"name":"(anonymous_1)","decl":{"start":{"line":35,"column":18},"end":{"line":35,"column":23}},"loc":{"start":{"line":36,"column":10},"end":{"line":41,"column":null}},"line":36}},"branchMap":{"0":{"loc":{"start":{"line":16,"column":4},"end":{"line":20,"column":null}},"type":"if","locations":[{"start":{"line":16,"column":4},"end":{"line":20,"column":null}},{"start":{},"end":{}}],"line":16},"1":{"loc":{"start":{"line":24,"column":4},"end":{"line":28,"column":null}},"type":"if","locations":[{"start":{"line":24,"column":4},"end":{"line":28,"column":null}},{"start":{},"end":{}}],"line":24}},"s":{"0":0,"1":0,"2":0,"3":0,"4":0,"5":0,"6":0},"f":{"0":0,"1":0},"b":{"0":[0,0],"1":[0,0]},"meta":{"lastBranch":2,"lastFunction":2,"lastStatement":7,"seen":{"f:13:2:13:11":0,"s:14:43:14:Infinity":0,"b:16:4:20:Infinity:undefined:undefined:undefined:undefined":0,"s:16:4:20:Infinity":1,"s:17:6:20:Infinity":2,"b:24:4:28:Infinity:undefined:undefined:undefined:undefined":1,"s:24:4:28:Infinity":3,"s:25:6:28:Infinity":4,"s:33:4:43:Infinity":5,"f:35:18:35:23":1,"s:36:10:41:Infinity":6}}}
,"C:\\Users\\anyut\\OneDrive\\Рабочий стол\\rs_school\\React\\React-2026-Q2\\src\\widgets\\search-bar\\index.ts": {"path":"C:\\Users\\anyut\\OneDrive\\Рабочий стол\\rs_school\\React\\React-2026-Q2\\src\\widgets\\search-bar\\index.ts","statementMap":{},"fnMap":{},"branchMap":{},"s":{},"f":{},"b":{},"meta":{"lastBranch":0,"lastFunction":0,"lastStatement":0,"seen":{}}}
,"C:\\Users\\anyut\\OneDrive\\Рабочий стол\\rs_school\\React\\React-2026-Q2\\src\\widgets\\search-bar\\ui\\SearchBar.tsx": {"path":"C:\\Users\\anyut\\OneDrive\\Рабочий стол\\rs_school\\React\\React-2026-Q2\\src\\widgets\\search-bar\\ui\\SearchBar.tsx","statementMap":{"0":{"start":{"line":15,"column":17},"end":{"line":16,"column":null}},"1":{"start":{"line":19,"column":2},"end":{"line":20,"column":null}},"2":{"start":{"line":23,"column":2},"end":{"line":33,"column":null}},"3":{"start":{"line":20,"column":4},"end":{"line":20,"column":null}},"4":{"start":{"line":24,"column":27},"end":{"line":24,"column":null}},"5":{"start":{"line":25,"column":20},"end":{"line":25,"column":37}},"6":{"start":{"line":27,"column":4},"end":{"line":27,"column":null}},"7":{"start":{"line":29,"column":4},"end":{"line":29,"column":null}},"8":{"start":{"line":29,"column":31},"end":{"line":29,"column":null}},"9":{"start":{"line":31,"column":4},"end":{"line":31,"column":null}},"10":{"start":{"line":33,"column":4},"end":{"line":33,"column":null}},"11":{"start":{"line":37,"column":27},"end":{"line":37,"column":null}},"12":{"start":{"line":38,"column":26},"end":{"line":38,"column":null}},"13":{"start":{"line":40,"column":4},"end":{"line":51,"column":null}}},"fnMap":{"0":{"name":"(anonymous_0)","decl":{"start":{"line":19,"column":2},"end":{"line":19,"column":19}},"loc":{"start":{"line":19,"column":56},"end":{"line":20,"column":null}},"line":19},"1":{"name":"(anonymous_1)","decl":{"start":{"line":23,"column":2},"end":{"line":23,"column":24}},"loc":{"start":{"line":23,"column":24},"end":{"line":33,"column":null}},"line":23},"2":{"name":"(anonymous_2)","decl":{"start":{"line":36,"column":2},"end":{"line":36,"column":11}},"loc":{"start":{"line":36,"column":11},"end":{"line":51,"column":null}},"line":36}},"branchMap":{"0":{"loc":{"start":{"line":29,"column":4},"end":{"line":29,"column":null}},"type":"if","locations":[{"start":{"line":29,"column":4},"end":{"line":29,"column":null}},{"start":{},"end":{}}],"line":29}},"s":{"0":7,"1":4,"2":3,"3":4,"4":3,"5":3,"6":3,"7":3,"8":0,"9":3,"10":3,"11":14,"12":14,"13":14},"f":{"0":4,"1":3,"2":14},"b":{"0":[0,3]},"meta":{"lastBranch":1,"lastFunction":3,"lastStatement":14,"seen":{"s:15:17:16:Infinity":0,"s:19:2:20:Infinity":1,"s:23:2:33:Infinity":2,"f:19:2:19:19":0,"s:20:4:20:Infinity":3,"f:23:2:23:24":1,"s:24:27:24:Infinity":4,"s:25:20:25:37":5,"s:27:4:27:Infinity":6,"b:29:4:29:Infinity:undefined:undefined:undefined:undefined":0,"s:29:4:29:Infinity":7,"s:29:31:29:Infinity":8,"s:31:4:31:Infinity":9,"s:33:4:33:Infinity":10,"f:36:2:36:11":2,"s:37:27:37:Infinity":11,"s:38:26:38:Infinity":12,"s:40:4:51:Infinity":13}}}
}
